[2025-11-22T14:05:14.621Z] Error: Cannot find module '@hey-api/openapi-ts'
Require stack:
- /tmp/test-config.ts
Stack:
Error: Cannot find module '@hey-api/openapi-ts'
Require stack:
- /tmp/test-config.ts
    at Module._resolveFilename (node:internal/modules/cjs/loader:1207:15)
    at Function.resolve (node:internal/modules/helpers:193:19)
    at jitiResolve (/home/runner/work/vcmuellheim/vcmuellheim/node_modules/jiti/dist/jiti.cjs:1:148703)
    at jitiRequire (/home/runner/work/vcmuellheim/vcmuellheim/node_modules/jiti/dist/jiti.cjs:1:150290)
    at import (/home/runner/work/vcmuellheim/vcmuellheim/node_modules/jiti/dist/jiti.cjs:1:158307)
    at /tmp/test-config.ts:1:220
    at eval_evalModule (/home/runner/work/vcmuellheim/vcmuellheim/node_modules/jiti/dist/jiti.cjs:1:155533)
    at jitiRequire (/home/runner/work/vcmuellheim/vcmuellheim/node_modules/jiti/dist/jiti.cjs:1:150967)
    at Function.import (/home/runner/work/vcmuellheim/vcmuellheim/node_modules/jiti/dist/jiti.cjs:1:158307)
    at resolveConfig (file:///home/runner/work/vcmuellheim/vcmuellheim/node_modules/c12/dist/index.mjs:320:45)
    at loadConfig (file:///home/runner/work/vcmuellheim/vcmuellheim/node_modules/c12/dist/index.mjs:149:28)
    at kc (file:///home/runner/work/vcmuellheim/vcmuellheim/node_modules/@hey-api/openapi-ts/dist/openApi-4Fl0M8gJ.js:5:149862)
    at async te (file:///home/runner/work/vcmuellheim/vcmuellheim/node_modules/@hey-api/openapi-ts/dist/src-C88NdVoQ.js:10:2313)
    at async file:///home/runner/work/vcmuellheim/vcmuellheim/node_modules/@hey-api/openapi-ts/dist/run.js:2:1654
